[0mCompiling "resources/public/js/compiled/playground.js" from ["src/cljs"]...
notifying browser that file changed:  resources/public/js/compiled/out/goog/deps.js
notifying browser that file changed:  resources/public/js/compiled/out/cljs_deps.js
notifying browser that file changed:  out/playground/core.js
[32mSuccessfully compiled "resources/public/js/compiled/playground.js" in 0.22 seconds.[0m
[0mCompiling "resources/public/js/compiled/playground.js" from ["src/cljs"]...
notifying browser that file changed:  out/playground/core.js
[32mSuccessfully compiled "resources/public/js/compiled/playground.js" in 0.212 seconds.[0m
[0mCompiling "resources/public/js/compiled/playground.js" from ["src/cljs"]...
notifying browser that file changed:  out/playground/core.js
[32mSuccessfully compiled "resources/public/js/compiled/playground.js" in 0.163 seconds.[0m
[0mCompiling "resources/public/js/compiled/playground.js" from ["src/cljs"]...
notifying browser that file changed:  out/playground/core.js
[32mSuccessfully compiled "resources/public/js/compiled/playground.js" in 0.152 seconds.[0m
[0mCompiling "resources/public/js/compiled/playground.js" from ["src/cljs"]...
WARNING: source already refers to: #'clojure.core/source in namespace: datascript.parser, being replaced by: #'datascript.parser/source
notifying browser that file changed:  resources/public/js/compiled/out/cljs_deps.js
notifying browser that file changed:  out/playground/core.js
[32mSuccessfully compiled "resources/public/js/compiled/playground.js" in 7.304 seconds.[0m
[0mCompiling "resources/public/js/compiled/playground.js" from ["src/cljs"]...
notifying browser that file changed:  resources/public/js/compiled/out/goog/deps.js
notifying browser that file changed:  resources/public/js/compiled/out/cljs_deps.js
notifying browser that file changed:  out/playground/core.js
[32mSuccessfully compiled "resources/public/js/compiled/playground.js" in 0.298 seconds.[0m
[0mCompiling "resources/public/js/compiled/playground.js" from ["src/cljs"]...
notifying browser that file changed:  out/playground/core.js
[32mSuccessfully compiled "resources/public/js/compiled/playground.js" in 0.193 seconds.[0m
[0mCompiling "resources/public/js/compiled/playground.js" from ["src/cljs"]...
[31mCompiling "resources/public/js/compiled/playground.js" failed.
[0mclojure.lang.ExceptionInfo: Only [lib.ns & options] and lib.ns specs supported in :require / :require-macros; offending spec: :as at line 1 src/cljs/playground/core.cljs
 at clojure.core$ex_info.invoke (core.clj:4593)
    cljs.analyzer$error.invoke (analyzer.cljc:580)
    cljs.analyzer$error.invoke (analyzer.cljc:578)
    cljs.analyzer$basic_validate_ns_spec.invoke (analyzer.cljc:1704)
    cljs.analyzer$parse_require_spec.invoke (analyzer.cljc:1756)
    clojure.lang.AFn.applyToHelper (AFn.java:171)
    clojure.lang.AFn.applyTo (AFn.java:144)
    clojure.core$apply.invoke (core.clj:636)
    clojure.core$partial$fn__4533.doInvoke (core.clj:2512)
    clojure.lang.RestFn.invoke (RestFn.java:408)
    clojure.core$map$fn__4553.invoke (core.clj:2624)
    clojure.lang.LazySeq.sval (LazySeq.java:40)
    clojure.lang.LazySeq.seq (LazySeq.java:49)
    clojure.lang.Cons.next (Cons.java:39)
    clojure.lang.RT.next (RT.java:674)
    clojure.core/next (core.clj:64)
    clojure.core$reduce1.invoke (core.clj:909)
    clojure.core$reduce1.invoke (core.clj:900)
    clojure.core$merge_with.doInvoke (core.clj:2936)
    clojure.lang.RestFn.applyTo (RestFn.java:139)
    clojure.core$apply.invoke (core.clj:634)
    cljs.analyzer$eval6391$fn__6393$fn__6398.invoke (analyzer.cljc:1943)
    clojure.core.protocols/fn (protocols.clj:167)
    clojure.core.protocols$fn__6478$G__6473__6487.invoke (protocols.clj:19)
    clojure.core.protocols$seq_reduce.invoke (protocols.clj:31)
    clojure.core.protocols/fn (protocols.clj:101)
    clojure.core.protocols$fn__6452$G__6447__6465.invoke (protocols.clj:13)
    clojure.core$reduce.invoke (core.clj:6519)
    cljs.analyzer$eval6391$fn__6393.invoke (analyzer.cljc:1926)
    clojure.lang.MultiFn.invoke (MultiFn.java:251)
[32mSuccessfully compiled "resources/public/js/compiled/playground.js" in 0.038 seconds.[0m
[0mCompiling "resources/public/js/compiled/playground.js" from ["src/cljs"]...
notifying browser that file changed:  out/playground/core.js
[32mSuccessfully compiled "resources/public/js/compiled/playground.js" in 0.184 seconds.[0m
[0mCompiling "resources/public/js/compiled/playground.js" from ["src/cljs"]...
notifying browser that file changed:  out/playground/core.js
[32mSuccessfully compiled "resources/public/js/compiled/playground.js" in 0.268 seconds.[0m
[0mCompiling "resources/public/js/compiled/playground.js" from ["src/cljs"]...
notifying browser that file changed:  out/playground/core.js
[32mSuccessfully compiled "resources/public/js/compiled/playground.js" in 0.263 seconds.[0m
[0mCompiling "resources/public/js/compiled/playground.js" from ["src/cljs"]...
notifying browser that file changed:  out/playground/core.js
[32mSuccessfully compiled "resources/public/js/compiled/playground.js" in 0.171 seconds.[0m
[0mCompiling "resources/public/js/compiled/playground.js" from ["src/cljs"]...
[31mCompiling "resources/public/js/compiled/playground.js" failed.
[0mERROR: EOF while reading, starting at line 8 and column 13 on file /Users/chrisetheridge/code/clojure/ui-programming/playground/src/cljs/playground/core.cljs, line 17, column 1
[32mSuccessfully compiled "resources/public/js/compiled/playground.js" in 0.15 seconds.[0m
[0mCompiling "resources/public/js/compiled/playground.js" from ["src/cljs"]...
notifying browser that file changed:  out/playground/core.js
[32mSuccessfully compiled "resources/public/js/compiled/playground.js" in 0.161 seconds.[0m
[0mCompiling "resources/public/js/compiled/playground.js" from ["src/cljs"]...
notifying browser that file changed:  out/playground/core.js
[32mSuccessfully compiled "resources/public/js/compiled/playground.js" in 0.17 seconds.[0m
[0mCompiling "resources/public/js/compiled/playground.js" from ["src/cljs"]...
notifying browser that file changed:  out/playground/core.js
[32mSuccessfully compiled "resources/public/js/compiled/playground.js" in 0.241 seconds.[0m
[0mCompiling "resources/public/js/compiled/playground.js" from ["src/cljs"]...
notifying browser that file changed:  out/playground/core.js
[32mSuccessfully compiled "resources/public/js/compiled/playground.js" in 0.186 seconds.[0m
[0mCompiling "resources/public/js/compiled/playground.js" from ["src/cljs"]...
notifying browser that file changed:  out/playground/core.js
[32mSuccessfully compiled "resources/public/js/compiled/playground.js" in 0.202 seconds.[0m
[0mCompiling "resources/public/js/compiled/playground.js" from ["src/cljs"]...
notifying browser that file changed:  out/playground/core.js
[32mSuccessfully compiled "resources/public/js/compiled/playground.js" in 0.237 seconds.[0m
[0mCompiling "resources/public/js/compiled/playground.js" from ["src/cljs"]...
notifying browser that file changed:  out/playground/core.js
[32mSuccessfully compiled "resources/public/js/compiled/playground.js" in 0.168 seconds.[0m
[0mCompiling "resources/public/js/compiled/playground.js" from ["src/cljs"]...
WARNING: No such namespace: ui, could not locate ui.cljs, ui.cljc, or Closure namespace "" at line 34 src/cljs/playground/core.cljs
WARNING: Use of undeclared Var ui/mount at line 34 src/cljs/playground/core.cljs
notifying browser that file changed:  out/playground/core.js
[32mSuccessfully compiled "resources/public/js/compiled/playground.js" in 0.269 seconds.[0m
[0mCompiling "resources/public/js/compiled/playground.js" from ["src/cljs"]...
[31mCompiling "resources/public/js/compiled/playground.js" failed.
[0mjava.lang.AssertionError: No ns form found in src/cljs/playground/ui.cljs
 at cljs.analyzer$parse_ns$fn__6690.invoke (analyzer.cljc:2761)
    cljs.analyzer$parse_ns.invoke (analyzer.cljc:2712)
    cljs.analyzer$parse_ns.invoke (analyzer.cljc:2703)
    cljs.compiler$find_source.invoke (compiler.cljc:1418)
    clojure.core$map$fn__4553.invoke (core.clj:2624)
    clojure.lang.LazySeq.sval (LazySeq.java:40)
    clojure.lang.LazySeq.seq (LazySeq.java:49)
    clojure.lang.Cons.next (Cons.java:39)
    clojure.lang.RT.next (RT.java:674)
    clojure.core/next (core.clj:64)
    clojure.core$reduce1.invoke (core.clj:909)
    clojure.core$set.invoke (core.clj:3960)
    cljs.closure$add_dependency_sources.invoke (closure.clj:798)
    cljs.closure$build.invoke (closure.clj:1939)
    cljs.build.api$build.invoke (api.clj:210)
    figwheel_sidecar.components.cljs_autobuild$cljs_build.invoke (cljs_autobuild.clj:24)
    figwheel_sidecar.build_middleware.injection$hook$fn__20149.invoke (injection.clj:139)
    figwheel_sidecar.build_middleware.notifications$hook$fn__20484.invoke (notifications.clj:187)
    figwheel_sidecar.build_middleware.clj_reloading$hook$fn__20560.invoke (clj_reloading.clj:115)
    figwheel_sidecar.build_middleware.javascript_reloading$hook$fn__20606.invoke (javascript_reloading.clj:60)
    figwheel_sidecar.components.cljs_autobuild$eval20621$figwheel_start_and_end_messages__20624$fn__20626.invoke (cljs_autobuild.clj:47)
    figwheel_sidecar.components.cljs_autobuild$execute_build$fn__20647$fn__20648.invoke (cljs_autobuild.clj:116)
    figwheel_sidecar.components.cljs_autobuild$execute_build$fn__20647.invoke (cljs_autobuild.clj:114)
    figwheel_sidecar.utils$sync_exec$fn__6740$fn__6741.invoke (utils.clj:13)
    figwheel_sidecar.utils$sync_exec$fn__6740.invoke (utils.clj:12)
    clojure.core$binding_conveyor_fn$fn__4444.invoke (core.clj:1919)
    clojure.lang.AFn.applyToHelper (AFn.java:154)
    clojure.lang.RestFn.applyTo (RestFn.java:132)
    clojure.lang.Agent$Action.doRun (Agent.java:114)
    clojure.lang.Agent$Action.run (Agent.java:163)
[32mSuccessfully compiled "resources/public/js/compiled/playground.js" in 0.027 seconds.[0m
[0mCompiling "resources/public/js/compiled/playground.js" from ["src/cljs"]...
notifying browser that file changed:  resources/public/js/compiled/out/cljs_deps.js
notifying browser that file changed:  out/playground/ui.js
[32mSuccessfully compiled "resources/public/js/compiled/playground.js" in 0.21 seconds.[0m
[0mCompiling "resources/public/js/compiled/playground.js" from ["src/cljs"]...
[31mCompiling "resources/public/js/compiled/playground.js" failed.
[0mANALYSIS ERROR: No such namespace: datascript-chat.util, could not locate datascript_chat/util.cljs, datascript_chat/util.cljc, or Closure namespace "datascript-chat.util" in file src/cljs/playground/ui.cljs on file null, line null, column null
[32mSuccessfully compiled "resources/public/js/compiled/playground.js" in 0.163 seconds.[0m
[0mCompiling "resources/public/js/compiled/playground.js" from ["src/cljs"]...
[31mCompiling "resources/public/js/compiled/playground.js" failed.
[0mANALYSIS ERROR: No such namespace: datascript-chat.util, could not locate datascript_chat/util.cljs, datascript_chat/util.cljc, or Closure namespace "datascript-chat.util" in file src/cljs/playground/ui.cljs on file null, line null, column null
[32mSuccessfully compiled "resources/public/js/compiled/playground.js" in 0.197 seconds.[0m
[0mCompiling "resources/public/js/compiled/playground.js" from ["src/cljs"]...
[31mCompiling "resources/public/js/compiled/playground.js" failed.
[0mANALYSIS ERROR: No such namespace: datascript-chat.util, could not locate datascript_chat/util.cljs, datascript_chat/util.cljc, or Closure namespace "datascript-chat.util" in file src/cljs/playground/ui.cljs on file null, line null, column null
[32mSuccessfully compiled "resources/public/js/compiled/playground.js" in 0.131 seconds.[0m
[0mCompiling "resources/public/js/compiled/playground.js" from ["src/cljs"]...
[31mCompiling "resources/public/js/compiled/playground.js" failed.
[0mANALYSIS ERROR: No such namespace: datascript-chat.util, could not locate datascript_chat/util.cljs, datascript_chat/util.cljc, or Closure namespace "datascript-chat.util" in file src/cljs/playground/ui.cljs on file null, line null, column null
[32mSuccessfully compiled "resources/public/js/compiled/playground.js" in 0.131 seconds.[0m
[0mCompiling "resources/public/js/compiled/playground.js" from ["src/cljs"]...
[31mCompiling "resources/public/js/compiled/playground.js" failed.
[0mERROR: EOF while reading, starting at line 33 and column 1 on file /Users/chrisetheridge/code/clojure/ui-programming/playground/src/cljs/playground/core.cljs, line 45, column 1
[32mSuccessfully compiled "resources/public/js/compiled/playground.js" in 0.2 seconds.[0m
[0mCompiling "resources/public/js/compiled/playground.js" from ["src/cljs"]...
notifying browser that file changed:  resources/public/js/compiled/out/cljs_deps.js
notifying browser that file changed:  out/playground/core.js
[32mSuccessfully compiled "resources/public/js/compiled/playground.js" in 0.164 seconds.[0m
[0mCompiling "resources/public/js/compiled/playground.js" from ["src/cljs"]...
notifying browser that file changed:  out/playground/core.js
[32mSuccessfully compiled "resources/public/js/compiled/playground.js" in 0.246 seconds.[0m
