[2016-05-17 16:00:47,215][DEBUG][org.eclipse.jetty.util.log] Logging to org.slf4j.impl.Log4jLoggerAdapter(org.eclipse.jetty.util.log) via org.eclipse.jetty.util.log.Slf4jLog
[2016-05-17 16:00:47,221][INFO][org.eclipse.jetty.util.log] Logging initialized @3364ms
[2016-05-17 16:04:58,716][DEBUG][org.eclipse.jetty.util.log] Logging to org.slf4j.impl.Log4jLoggerAdapter(org.eclipse.jetty.util.log) via org.eclipse.jetty.util.log.Slf4jLog
[2016-05-17 16:04:58,720][INFO][org.eclipse.jetty.util.log] Logging initialized @3235ms
[2016-05-17 16:07:00,644][DEBUG][org.eclipse.jetty.util.log] Logging to org.slf4j.impl.Log4jLoggerAdapter(org.eclipse.jetty.util.log) via org.eclipse.jetty.util.log.Slf4jLog
[2016-05-17 16:07:00,648][INFO][org.eclipse.jetty.util.log] Logging initialized @3915ms
[2016-05-17 16:08:28,264][DEBUG][org.eclipse.jetty.util.log] Logging to org.slf4j.impl.Log4jLoggerAdapter(org.eclipse.jetty.util.log) via org.eclipse.jetty.util.log.Slf4jLog
[2016-05-17 16:08:28,268][INFO][org.eclipse.jetty.util.log] Logging initialized @3176ms
[2016-05-17 16:09:14,475][DEBUG][org.eclipse.jetty.util.log] Logging to org.slf4j.impl.Log4jLoggerAdapter(org.eclipse.jetty.util.log) via org.eclipse.jetty.util.log.Slf4jLog
[2016-05-17 16:09:14,485][INFO][org.eclipse.jetty.util.log] Logging initialized @3962ms
[2016-05-17 16:12:20,225][DEBUG][org.eclipse.jetty.util.log] Logging to org.slf4j.impl.Log4jLoggerAdapter(org.eclipse.jetty.util.log) via org.eclipse.jetty.util.log.Slf4jLog
[2016-05-17 16:12:20,230][INFO][org.eclipse.jetty.util.log] Logging initialized @3943ms
[2016-05-17 16:16:17,079][INFO][onelog.core] [36mStarting [0m:get / for 0:0:0:0:0:0:0:1 {"accept" "text/html,application/xhtml+xml,application/xml;q=0.9,image/webp,*/*;q=0.8", "accept-encoding" "gzip, deflate", "accept-language" "en-US", "connection" "keep-alive", "host" "localhost:3449", "upgrade-insecure-requests" "1", "user-agent" "Mozilla/5.0 (Macintosh; Intel Mac OS X 10_11_4) AppleWebKit/537.36 (KHTML, like Gecko) LightTable/0.8.1 Chrome/45.0.2454.85 Electron/0.34.5 Safari/537.36"}
[2016-05-17 16:16:17,080][DEBUG][onelog.core] Request details: {:server-port 3449, :server-name "localhost", :remote-addr "0:0:0:0:0:0:0:1", :uri "/", :query-string nil, :scheme :http, :request-method :get, :content-length 0, :character-encoding "utf8"}
[2016-05-17 16:16:17,089][INFO][onelog.core] [36mFinished [0m:get / for 0:0:0:0:0:0:0:1 in (13 ms) Status: [39m200[0m
[2016-05-17 16:16:17,108][INFO][onelog.core] [36mStarting [0m:get /js/compiled/mememe.js for 0:0:0:0:0:0:0:1 {"accept" "*/*", "accept-encoding" "gzip, deflate", "accept-language" "en-US", "connection" "keep-alive", "host" "localhost:3449", "referer" "http://localhost:3449/", "user-agent" "Mozilla/5.0 (Macintosh; Intel Mac OS X 10_11_4) AppleWebKit/537.36 (KHTML, like Gecko) LightTable/0.8.1 Chrome/45.0.2454.85 Electron/0.34.5 Safari/537.36"}
[2016-05-17 16:16:17,108][DEBUG][onelog.core] Request details: {:server-port 3449, :server-name "localhost", :remote-addr "0:0:0:0:0:0:0:1", :uri "/js/compiled/mememe.js", :query-string nil, :scheme :http, :request-method :get, :content-length 0, :character-encoding "utf8"}
[2016-05-17 16:16:17,108][INFO][onelog.core] [36mFinished [0m:get /js/compiled/mememe.js for 0:0:0:0:0:0:0:1 in (1 ms) Status: ???
[2016-05-17 16:16:18,993][INFO][onelog.core] [36mStarting [0m:get / for 0:0:0:0:0:0:0:1 {"accept" "text/html,application/xhtml+xml,application/xml;q=0.9,image/webp,*/*;q=0.8", "accept-encoding" "gzip, deflate", "accept-language" "en-US", "connection" "keep-alive", "host" "localhost:3449", "upgrade-insecure-requests" "1", "user-agent" "Mozilla/5.0 (Macintosh; Intel Mac OS X 10_11_4) AppleWebKit/537.36 (KHTML, like Gecko) LightTable/0.8.1 Chrome/45.0.2454.85 Electron/0.34.5 Safari/537.36"}
[2016-05-17 16:16:18,993][DEBUG][onelog.core] Request details: {:server-port 3449, :server-name "localhost", :remote-addr "0:0:0:0:0:0:0:1", :uri "/", :query-string nil, :scheme :http, :request-method :get, :content-length 0, :character-encoding "utf8"}
[2016-05-17 16:16:18,993][INFO][onelog.core] [36mFinished [0m:get / for 0:0:0:0:0:0:0:1 in (1 ms) Status: [39m200[0m
[2016-05-17 16:16:19,001][INFO][onelog.core] [36mStarting [0m:get /js/compiled/mememe.js for 0:0:0:0:0:0:0:1 {"accept" "*/*", "accept-encoding" "gzip, deflate", "accept-language" "en-US", "connection" "keep-alive", "host" "localhost:3449", "referer" "http://localhost:3449/", "user-agent" "Mozilla/5.0 (Macintosh; Intel Mac OS X 10_11_4) AppleWebKit/537.36 (KHTML, like Gecko) LightTable/0.8.1 Chrome/45.0.2454.85 Electron/0.34.5 Safari/537.36"}
[2016-05-17 16:16:19,001][DEBUG][onelog.core] Request details: {:server-port 3449, :server-name "localhost", :remote-addr "0:0:0:0:0:0:0:1", :uri "/js/compiled/mememe.js", :query-string nil, :scheme :http, :request-method :get, :content-length 0, :character-encoding "utf8"}
[2016-05-17 16:16:19,001][INFO][onelog.core] [36mFinished [0m:get /js/compiled/mememe.js for 0:0:0:0:0:0:0:1 in (1 ms) Status: ???
[2016-05-17 16:16:20,964][INFO][onelog.core] [36mStarting [0m:get / for 0:0:0:0:0:0:0:1 {"accept" "text/html,application/xhtml+xml,application/xml;q=0.9,image/webp,*/*;q=0.8", "accept-encoding" "gzip, deflate", "accept-language" "en-US", "connection" "keep-alive", "host" "localhost:3449", "upgrade-insecure-requests" "1", "user-agent" "Mozilla/5.0 (Macintosh; Intel Mac OS X 10_11_4) AppleWebKit/537.36 (KHTML, like Gecko) LightTable/0.8.1 Chrome/45.0.2454.85 Electron/0.34.5 Safari/537.36"}
[2016-05-17 16:16:20,964][DEBUG][onelog.core] Request details: {:server-port 3449, :server-name "localhost", :remote-addr "0:0:0:0:0:0:0:1", :uri "/", :query-string nil, :scheme :http, :request-method :get, :content-length 0, :character-encoding "utf8"}
[2016-05-17 16:16:20,964][INFO][onelog.core] [36mFinished [0m:get / for 0:0:0:0:0:0:0:1 in (0 ms) Status: [39m200[0m
[2016-05-17 16:16:20,971][INFO][onelog.core] [36mStarting [0m:get /js/compiled/mememe.js for 0:0:0:0:0:0:0:1 {"accept" "*/*", "accept-encoding" "gzip, deflate", "accept-language" "en-US", "connection" "keep-alive", "host" "localhost:3449", "referer" "http://localhost:3449/", "user-agent" "Mozilla/5.0 (Macintosh; Intel Mac OS X 10_11_4) AppleWebKit/537.36 (KHTML, like Gecko) LightTable/0.8.1 Chrome/45.0.2454.85 Electron/0.34.5 Safari/537.36"}
[2016-05-17 16:16:20,972][DEBUG][onelog.core] Request details: {:server-port 3449, :server-name "localhost", :remote-addr "0:0:0:0:0:0:0:1", :uri "/js/compiled/mememe.js", :query-string nil, :scheme :http, :request-method :get, :content-length 0, :character-encoding "utf8"}
[2016-05-17 16:16:20,972][INFO][onelog.core] [36mFinished [0m:get /js/compiled/mememe.js for 0:0:0:0:0:0:0:1 in (1 ms) Status: ???
[2016-05-17 16:16:47,595][INFO][onelog.core] [36mStarting [0m:get / for 0:0:0:0:0:0:0:1 {"accept" "text/html,application/xhtml+xml,application/xml;q=0.9,image/webp,*/*;q=0.8", "accept-encoding" "gzip, deflate", "accept-language" "en-US", "connection" "keep-alive", "host" "localhost:3449", "upgrade-insecure-requests" "1", "user-agent" "Mozilla/5.0 (Macintosh; Intel Mac OS X 10_11_4) AppleWebKit/537.36 (KHTML, like Gecko) LightTable/0.8.1 Chrome/45.0.2454.85 Electron/0.34.5 Safari/537.36"}
[2016-05-17 16:16:47,595][DEBUG][onelog.core] Request details: {:server-port 3449, :server-name "localhost", :remote-addr "0:0:0:0:0:0:0:1", :uri "/", :query-string nil, :scheme :http, :request-method :get, :content-length 0, :character-encoding "utf8"}
[2016-05-17 16:16:47,595][INFO][onelog.core] [36mFinished [0m:get / for 0:0:0:0:0:0:0:1 in (0 ms) Status: [39m200[0m
[2016-05-17 16:16:48,320][INFO][onelog.core] [36mStarting [0m:get / for 0:0:0:0:0:0:0:1 {"accept" "text/html,application/xhtml+xml,application/xml;q=0.9,image/webp,*/*;q=0.8", "accept-encoding" "gzip, deflate", "accept-language" "en-US", "connection" "keep-alive", "host" "localhost:3449", "upgrade-insecure-requests" "1", "user-agent" "Mozilla/5.0 (Macintosh; Intel Mac OS X 10_11_4) AppleWebKit/537.36 (KHTML, like Gecko) LightTable/0.8.1 Chrome/45.0.2454.85 Electron/0.34.5 Safari/537.36"}
[2016-05-17 16:16:48,320][DEBUG][onelog.core] Request details: {:server-port 3449, :server-name "localhost", :remote-addr "0:0:0:0:0:0:0:1", :uri "/", :query-string nil, :scheme :http, :request-method :get, :content-length 0, :character-encoding "utf8"}
[2016-05-17 16:16:48,320][INFO][onelog.core] [36mFinished [0m:get / for 0:0:0:0:0:0:0:1 in (0 ms) Status: [39m200[0m
[2016-05-17 16:16:48,485][INFO][onelog.core] [36mStarting [0m:get / for 0:0:0:0:0:0:0:1 {"accept" "text/html,application/xhtml+xml,application/xml;q=0.9,image/webp,*/*;q=0.8", "accept-encoding" "gzip, deflate", "accept-language" "en-US", "connection" "keep-alive", "host" "localhost:3449", "upgrade-insecure-requests" "1", "user-agent" "Mozilla/5.0 (Macintosh; Intel Mac OS X 10_11_4) AppleWebKit/537.36 (KHTML, like Gecko) LightTable/0.8.1 Chrome/45.0.2454.85 Electron/0.34.5 Safari/537.36"}
[2016-05-17 16:16:48,485][DEBUG][onelog.core] Request details: {:server-port 3449, :server-name "localhost", :remote-addr "0:0:0:0:0:0:0:1", :uri "/", :query-string nil, :scheme :http, :request-method :get, :content-length 0, :character-encoding "utf8"}
[2016-05-17 16:16:48,486][INFO][onelog.core] [36mFinished [0m:get / for 0:0:0:0:0:0:0:1 in (1 ms) Status: [39m200[0m
[2016-05-17 16:16:48,602][INFO][onelog.core] [36mStarting [0m:get / for 0:0:0:0:0:0:0:1 {"accept" "text/html,application/xhtml+xml,application/xml;q=0.9,image/webp,*/*;q=0.8", "accept-encoding" "gzip, deflate", "accept-language" "en-US", "connection" "keep-alive", "host" "localhost:3449", "upgrade-insecure-requests" "1", "user-agent" "Mozilla/5.0 (Macintosh; Intel Mac OS X 10_11_4) AppleWebKit/537.36 (KHTML, like Gecko) LightTable/0.8.1 Chrome/45.0.2454.85 Electron/0.34.5 Safari/537.36"}
[2016-05-17 16:16:48,603][DEBUG][onelog.core] Request details: {:server-port 3449, :server-name "localhost", :remote-addr "0:0:0:0:0:0:0:1", :uri "/", :query-string nil, :scheme :http, :request-method :get, :content-length 0, :character-encoding "utf8"}
[2016-05-17 16:16:48,603][INFO][onelog.core] [36mFinished [0m:get / for 0:0:0:0:0:0:0:1 in (1 ms) Status: [39m200[0m
[2016-05-17 16:17:15,965][DEBUG][org.eclipse.jetty.util.log] Logging to org.slf4j.impl.Log4jLoggerAdapter(org.eclipse.jetty.util.log) via org.eclipse.jetty.util.log.Slf4jLog
[2016-05-17 16:17:15,971][INFO][org.eclipse.jetty.util.log] Logging initialized @3815ms
[2016-05-17 16:18:10,384][INFO][onelog.core] [36mStarting [0m:get / for 0:0:0:0:0:0:0:1 {"accept" "text/html,application/xhtml+xml,application/xml;q=0.9,image/webp,*/*;q=0.8", "accept-encoding" "gzip, deflate", "accept-language" "en-US", "connection" "keep-alive", "host" "localhost:3449", "upgrade-insecure-requests" "1", "user-agent" "Mozilla/5.0 (Macintosh; Intel Mac OS X 10_11_4) AppleWebKit/537.36 (KHTML, like Gecko) LightTable/0.8.1 Chrome/45.0.2454.85 Electron/0.34.5 Safari/537.36"}
[2016-05-17 16:18:10,384][DEBUG][onelog.core] Request details: {:server-port 3449, :server-name "localhost", :remote-addr "0:0:0:0:0:0:0:1", :uri "/", :query-string nil, :scheme :http, :request-method :get, :content-length 0, :character-encoding "utf8"}
[2016-05-17 16:18:10,384][INFO][onelog.core] [36mFinished [0m:get / for 0:0:0:0:0:0:0:1 in (0 ms) Status: [39m200[0m
